-------------------------------------------------------------------------------
Test set: com.ejericicio02.MainLibreriaTests
-------------------------------------------------------------------------------
Tests run: 1, Failures: 0, Errors: 1, Skipped: 0, Time elapsed: 0.64 s <<< FAILURE! - in com.ejericicio02.MainLibreriaTests
com.ejericicio02.MainLibreriaTests  Time elapsed: 0.64 s  <<< ERROR!
java.lang.IllegalStateException: Unable to find a @SpringBootConfiguration, you need to use @ContextConfiguration or @SpringBootTest(classes=...) with your test

