<?xml version="1.0" encoding="UTF-8"?>
<testsuite xmlns:xsi="http://www.w3.org/2001/XMLSchema-instance" xsi:noNamespaceSchemaLocation="https://maven.apache.org/surefire/maven-surefire-plugin/xsd/surefire-test-report.xsd" name="com.ejericicio02.MainLibreriaTests" time="0.64" tests="1" errors="1" skipped="0" failures="0">
  <properties>
[...]
</properties>
  <testcase name="com.ejericicio02.MainLibreriaTests" classname="com.ejericicio02.MainLibreriaTests" time="0.64">
    <error message="Unable to find a @SpringBootConfiguration, you need to use @ContextConfiguration or @SpringBootTest(classes=...) with your test" type="java.lang.IllegalStateException">java.lang.IllegalStateException: Unable to find a @SpringBootConfiguration, you need to use @ContextConfiguration or @SpringBootTest(classes=...) with your test
</error>
    <system-out><![CDATA[11:14:28.015 [main] DEBUG org.springframework.test.context.BootstrapUtils - Instantiating CacheAwareContextLoaderDelegate from class [org.springframework.test.context.cache.DefaultCacheAwareContextLoaderDelegate]
11:14:28.046 [main] DEBUG org.springframework.test.context.BootstrapUtils - Instantiating BootstrapContext using constructor [public org.springframework.test.context.support.DefaultBootstrapContext(java.lang.Class,org.springframework.test.context.CacheAwareContextLoaderDelegate)]
11:14:28.140 [main] DEBUG org.springframework.test.context.BootstrapUtils - Instantiating TestContextBootstrapper for test class [com.ejericicio02.MainLibreriaTests] from class [org.springframework.boot.test.context.SpringBootTestContextBootstrapper]
11:14:28.171 [main] INFO org.springframework.boot.test.context.SpringBootTestContextBootstrapper - Neither @ContextConfiguration nor @ContextHierarchy found for test class [com.ejericicio02.MainLibreriaTests], using SpringBootContextLoader
11:14:28.187 [main] DEBUG org.springframework.test.context.support.AbstractContextLoader - Did not detect default resource location for test class [com.ejericicio02.MainLibreriaTests]: class path resource [com/ejericicio02/MainLibreriaTests-context.xml] does not exist
11:14:28.187 [main] DEBUG org.springframework.test.context.support.AbstractContextLoader - Did not detect default resource location for test class [com.ejericicio02.MainLibreriaTests]: class path resource [com/ejericicio02/MainLibreriaTestsContext.groovy] does not exist
11:14:28.187 [main] INFO org.springframework.test.context.support.AbstractContextLoader - Could not detect default resource locations for test class [com.ejericicio02.MainLibreriaTests]: no resource found for suffixes {-context.xml, Context.groovy}.
11:14:28.187 [main] INFO org.springframework.test.context.support.AnnotationConfigContextLoaderUtils - Could not detect default configuration classes for test class [com.ejericicio02.MainLibreriaTests]: MainLibreriaTests does not declare any static, non-private, non-final, nested classes annotated with @Configuration.
11:14:28.312 [main] DEBUG org.springframework.test.context.support.ActiveProfilesUtils - Could not find an 'annotation declaring class' for annotation type [org.springframework.test.context.ActiveProfiles] and class [com.ejericicio02.MainLibreriaTests]
]]></system-out>
  </testcase>
</testsuite>